Vivado Simulator 2018.3
Time resolution is 1 ps
@time    0ns:sys_clk=1
@time   10ns:sys_clk=0
@time   20ns:sys_clk=1
@time   30ns:sys_clk=0
@time   40ns:sys_clk=1
@time   50ns:sys_clk=0
@time   60ns:sys_clk=1
@time   70ns:sys_clk=0
@time   80ns:sys_clk=1
@time   90ns:sys_clk=0
@time  100ns:sys_clk=1
@time  110ns:sys_clk=0
@time  120ns:sys_clk=1
@time  130ns:sys_clk=0
@time  140ns:sys_clk=1
@time  150ns:sys_clk=0
@time  160ns:sys_clk=1
@time  170ns:sys_clk=0
@time  180ns:sys_clk=1
@time  190ns:sys_clk=0
@time  200ns:sys_clk=1
@time  210ns:sys_clk=0
@time  220ns:sys_clk=1
@time  230ns:sys_clk=0
@time  240ns:sys_clk=1
@time  250ns:sys_clk=0
@time  260ns:sys_clk=1
@time  270ns:sys_clk=0
@time  280ns:sys_clk=1
@time  290ns:sys_clk=0
@time  300ns:sys_clk=1
@time  310ns:sys_clk=0
@time  320ns:sys_clk=1
@time  330ns:sys_clk=0
@time  340ns:sys_clk=1
@time  350ns:sys_clk=0
@time  360ns:sys_clk=1
@time  370ns:sys_clk=0
@time  380ns:sys_clk=1
@time  390ns:sys_clk=0
@time  400ns:sys_clk=1
@time  410ns:sys_clk=0
@time  420ns:sys_clk=1
@time  430ns:sys_clk=0
@time  440ns:sys_clk=1
@time  450ns:sys_clk=0
@time  460ns:sys_clk=1
@time  470ns:sys_clk=0
@time  480ns:sys_clk=1
@time  490ns:sys_clk=0
@time  500ns:sys_clk=1
@time  510ns:sys_clk=0
@time  520ns:sys_clk=1
@time  530ns:sys_clk=0
@time  540ns:sys_clk=1
@time  550ns:sys_clk=0
@time  560ns:sys_clk=1
@time  570ns:sys_clk=0
@time  580ns:sys_clk=1
@time  590ns:sys_clk=0
@time  600ns:sys_clk=1
@time  610ns:sys_clk=0
@time  620ns:sys_clk=1
@time  630ns:sys_clk=0
@time  640ns:sys_clk=1
@time  650ns:sys_clk=0
@time  660ns:sys_clk=1
@time  670ns:sys_clk=0
@time  680ns:sys_clk=1
@time  690ns:sys_clk=0
@time  700ns:sys_clk=1
@time  710ns:sys_clk=0
@time  720ns:sys_clk=1
@time  730ns:sys_clk=0
@time  740ns:sys_clk=1
@time  750ns:sys_clk=0
@time  760ns:sys_clk=1
@time  770ns:sys_clk=0
@time  780ns:sys_clk=1
@time  790ns:sys_clk=0
@time  800ns:sys_clk=1
@time  810ns:sys_clk=0
@time  820ns:sys_clk=1
@time  830ns:sys_clk=0
@time  840ns:sys_clk=1
@time  850ns:sys_clk=0
@time  860ns:sys_clk=1
@time  870ns:sys_clk=0
@time  880ns:sys_clk=1
@time  890ns:sys_clk=0
@time  900ns:sys_clk=1
@time  910ns:sys_clk=0
@time  920ns:sys_clk=1
@time  930ns:sys_clk=0
@time  940ns:sys_clk=1
@time  950ns:sys_clk=0
@time  960ns:sys_clk=1
@time  970ns:sys_clk=0
@time  980ns:sys_clk=1
@time  990ns:sys_clk=0
@time 1000ns:sys_clk=1
